<?xml version="1.0" encoding="UTF-8"?>
<testsuite name="org.piccolo2d.nodes.PHtmlViewTest" time="1.194" tests="30" errors="0" skipped="0" failures="0">
  <properties>
[...]
</properties>
  <testcase name="testConstructorRetainsAllParametersWhenRealHtml" classname="org.piccolo2d.nodes.PHtmlViewTest" time="0.131"/>
  <testcase name="testReturnsNullWhenClickOutsideLink" classname="org.piccolo2d.nodes.PHtmlViewTest" time="0.021"/>
  <testcase name="testHtmlColorIsNotNullByDefault" classname="org.piccolo2d.nodes.PHtmlViewTest" time="0.006"/>
  <testcase name="testMissingEndTagCausesRemainderOfHtmlToBeLinkTarget" classname="org.piccolo2d.nodes.PHtmlViewTest" time="0.014"/>
  <testcase name="testEmptyAddressReturnsEmptyString" classname="org.piccolo2d.nodes.PHtmlViewTest" time="0.013"/>
  <testcase name="testPaintFillsBounds" classname="org.piccolo2d.nodes.PHtmlViewTest" time="0.034"/>
  <testcase name="testConstructorRetainsAllParameters" classname="org.piccolo2d.nodes.PHtmlViewTest" time="0.023"/>
  <testcase name="testGetClickedAddressReturnsHrefWhenMissingEndAnchorTag" classname="org.piccolo2d.nodes.PHtmlViewTest" time="0.016"/>
  <testcase name="testClone" classname="org.piccolo2d.nodes.PHtmlViewTest" time="0.078"/>
  <testcase name="testConstructorRetainsHtmlWithCSSStyling" classname="org.piccolo2d.nodes.PHtmlViewTest" time="0.752"/>
  <testcase name="testGetClickedAddressReturnsNullWhenInvalid" classname="org.piccolo2d.nodes.PHtmlViewTest" time="0.008"/>
  <testcase name="testGetClickedAddressReturnsSingleQuotedAddress" classname="org.piccolo2d.nodes.PHtmlViewTest" time="0.012"/>
  <testcase name="testBracketsAreValidInHrefs" classname="org.piccolo2d.nodes.PHtmlViewTest" time="0.007"/>
  <testcase name="testDefaultConstructorHasExpectedDefaults" classname="org.piccolo2d.nodes.PHtmlViewTest" time="0.002"/>
  <testcase name="testConstructorAcceptsNonHtmlText" classname="org.piccolo2d.nodes.PHtmlViewTest" time="0.004"/>
  <testcase name="testSetHtmlColorPersists" classname="org.piccolo2d.nodes.PHtmlViewTest" time="0.001"/>
  <testcase name="testSetHtmlFiresEventOnChangeOnly" classname="org.piccolo2d.nodes.PHtmlViewTest" time="0.004"/>
  <testcase name="testConstructorAcceptsRealisticHtml" classname="org.piccolo2d.nodes.PHtmlViewTest" time="0.011"/>
  <testcase name="testConstructorAcceptsNullFont" classname="org.piccolo2d.nodes.PHtmlViewTest" time="0.004"/>
  <testcase name="testConstructorAcceptsNullHtml" classname="org.piccolo2d.nodes.PHtmlViewTest" time="0.004"/>
  <testcase name="testUnclosedQuotesCauseIgnoreOfLink" classname="org.piccolo2d.nodes.PHtmlViewTest" time="0.006"/>
  <testcase name="testUnclosedTagsCauseIgnoreOfTag" classname="org.piccolo2d.nodes.PHtmlViewTest" time="0.007"/>
  <testcase name="testHandlesHrefWithoutQuotes" classname="org.piccolo2d.nodes.PHtmlViewTest" time="0.01"/>
  <testcase name="testGetClickedAddressReturnsDoubleQuotedAddress" classname="org.piccolo2d.nodes.PHtmlViewTest" time="0.007"/>
  <testcase name="testConstructorAcceptsNullFontAndColor" classname="org.piccolo2d.nodes.PHtmlViewTest" time="0.003"/>
  <testcase name="testConstructorAcceptsNullColor" classname="org.piccolo2d.nodes.PHtmlViewTest" time="0.006"/>
  <testcase name="testHandlesTricksyTitles" classname="org.piccolo2d.nodes.PHtmlViewTest" time="0.004"/>
  <testcase name="testFontIsNotNullByDefault" classname="org.piccolo2d.nodes.PHtmlViewTest" time="0.002"/>
  <testcase name="testSetHtmlToNullIsAllowed" classname="org.piccolo2d.nodes.PHtmlViewTest" time="0.001"/>
  <testcase name="testSetFontPerists" classname="org.piccolo2d.nodes.PHtmlViewTest" time="0.003"/>
</testsuite>