<?xml version="1.0" encoding="UTF-8"?>
<testsuite name="org.piccolo2d.nodes.PAreaTest" time="0.026" tests="43" errors="0" skipped="0" failures="0">
  <properties>
[...]
</properties>
  <testcase name="testResetFiresPropertyChangeEvent" classname="org.piccolo2d.nodes.PAreaTest" time="0.005"/>
  <testcase name="testShapeConstructor" classname="org.piccolo2d.nodes.PAreaTest" time="0"/>
  <testcase name="testAreaConstructor" classname="org.piccolo2d.nodes.PAreaTest" time="0"/>
  <testcase name="testSubtractNullPaint" classname="org.piccolo2d.nodes.PAreaTest" time="0.002"/>
  <testcase name="testAdd" classname="org.piccolo2d.nodes.PAreaTest" time="0.001"/>
  <testcase name="testSubtract" classname="org.piccolo2d.nodes.PAreaTest" time="0.001"/>
  <testcase name="testReset" classname="org.piccolo2d.nodes.PAreaTest" time="0"/>
  <testcase name="testIsSingular" classname="org.piccolo2d.nodes.PAreaTest" time="0.001"/>
  <testcase name="testExclusiveOrFiresPropertyChangeEvent" classname="org.piccolo2d.nodes.PAreaTest" time="0"/>
  <testcase name="testAddFiresPropertyChangeEvent" classname="org.piccolo2d.nodes.PAreaTest" time="0.001"/>
  <testcase name="testShapeConstructorNullArgument" classname="org.piccolo2d.nodes.PAreaTest" time="0"/>
  <testcase name="testAddNullStroke" classname="org.piccolo2d.nodes.PAreaTest" time="0.001"/>
  <testcase name="testExclusiveOrNullStroke" classname="org.piccolo2d.nodes.PAreaTest" time="0.001"/>
  <testcase name="testIntersectNullStroke" classname="org.piccolo2d.nodes.PAreaTest" time="0.001"/>
  <testcase name="testIntersectNullStrokePaint" classname="org.piccolo2d.nodes.PAreaTest" time="0"/>
  <testcase name="testAreaConstructorNullArgument" classname="org.piccolo2d.nodes.PAreaTest" time="0"/>
  <testcase name="testExclusiveOrNullPaint" classname="org.piccolo2d.nodes.PAreaTest" time="0.002"/>
  <testcase name="testIsRectangular" classname="org.piccolo2d.nodes.PAreaTest" time="0.001"/>
  <testcase name="testAddNullStrokePaint" classname="org.piccolo2d.nodes.PAreaTest" time="0.001"/>
  <testcase name="testAddNullArgument" classname="org.piccolo2d.nodes.PAreaTest" time="0"/>
  <testcase name="testSubtractNullArgument" classname="org.piccolo2d.nodes.PAreaTest" time="0"/>
  <testcase name="testIntersectFiresPropertyChangeEvent" classname="org.piccolo2d.nodes.PAreaTest" time="0.001"/>
  <testcase name="testExclusiveOrNullStrokePaint" classname="org.piccolo2d.nodes.PAreaTest" time="0.001"/>
  <testcase name="testSubtractNullStroke" classname="org.piccolo2d.nodes.PAreaTest" time="0.001"/>
  <testcase name="testIsPolygonal" classname="org.piccolo2d.nodes.PAreaTest" time="0"/>
  <testcase name="testExclusiveOr" classname="org.piccolo2d.nodes.PAreaTest" time="0.002"/>
  <testcase name="testIntersectNullArgument" classname="org.piccolo2d.nodes.PAreaTest" time="0"/>
  <testcase name="testIntersect" classname="org.piccolo2d.nodes.PAreaTest" time="0.001"/>
  <testcase name="testIntersectNullPaint" classname="org.piccolo2d.nodes.PAreaTest" time="0"/>
  <testcase name="testExclusiveOrNullArgument" classname="org.piccolo2d.nodes.PAreaTest" time="0"/>
  <testcase name="testNoArgConstructor" classname="org.piccolo2d.nodes.PAreaTest" time="0"/>
  <testcase name="testSubtractNullStrokePaint" classname="org.piccolo2d.nodes.PAreaTest" time="0"/>
  <testcase name="testIsEmpty" classname="org.piccolo2d.nodes.PAreaTest" time="0.001"/>
  <testcase name="testAddNullPaint" classname="org.piccolo2d.nodes.PAreaTest" time="0.001"/>
  <testcase name="testSubtractFiresPropertyChangeEvent" classname="org.piccolo2d.nodes.PAreaTest" time="0"/>
  <testcase name="testDefaultStroke" classname="org.piccolo2d.nodes.PAreaTest" time="0"/>
  <testcase name="testStrokeBoundProperty" classname="org.piccolo2d.nodes.PAreaTest" time="0"/>
  <testcase name="testDefaultPaint" classname="org.piccolo2d.nodes.PAreaTest" time="0"/>
  <testcase name="testStrokePaintBoundProperty" classname="org.piccolo2d.nodes.PAreaTest" time="0"/>
  <testcase name="testCreateShapeNode" classname="org.piccolo2d.nodes.PAreaTest" time="0"/>
  <testcase name="testStrokePaint" classname="org.piccolo2d.nodes.PAreaTest" time="0"/>
  <testcase name="testDefaultStrokePaint" classname="org.piccolo2d.nodes.PAreaTest" time="0"/>
  <testcase name="testStroke" classname="org.piccolo2d.nodes.PAreaTest" time="0"/>
</testsuite>