<?xml version="1.0" encoding="UTF-8"?>
<testsuite name="org.piccolo2d.nodes.PPathFloatTest" time="0.046" tests="67" errors="0" skipped="0" failures="0">
  <properties>
[...]
</properties>
  <testcase name="testShapeConstructor" classname="org.piccolo2d.nodes.PPathFloatTest" time="0.001"/>
  <testcase name="testStrokeConstructor" classname="org.piccolo2d.nodes.PPathFloatTest" time="0"/>
  <testcase name="testShapeStrokeConstructorNullArgument" classname="org.piccolo2d.nodes.PPathFloatTest" time="0"/>
  <testcase name="testShapeConstructorNullArgument" classname="org.piccolo2d.nodes.PPathFloatTest" time="0.001"/>
  <testcase name="testPathConstructorNullArgument" classname="org.piccolo2d.nodes.PPathFloatTest" time="0"/>
  <testcase name="testShapeStrokeConstructor" classname="org.piccolo2d.nodes.PPathFloatTest" time="0"/>
  <testcase name="testPathConstructor" classname="org.piccolo2d.nodes.PPathFloatTest" time="0.001"/>
  <testcase name="testNoArgConstructor" classname="org.piccolo2d.nodes.PPathFloatTest" time="0"/>
  <testcase name="testPathStrokeConstructor" classname="org.piccolo2d.nodes.PPathFloatTest" time="0"/>
  <testcase name="testStrokePathConstructorNullArgument" classname="org.piccolo2d.nodes.PPathFloatTest" time="0"/>
  <testcase name="testCreateArcFloat" classname="org.piccolo2d.nodes.PPathFloatTest" time="0.001"/>
  <testcase name="testCreatePolylineFloatArrays" classname="org.piccolo2d.nodes.PPathFloatTest" time="0"/>
  <testcase name="testCreateRectangleFloat" classname="org.piccolo2d.nodes.PPathFloatTest" time="0.001"/>
  <testcase name="testClosePathAlreadyClosed" classname="org.piccolo2d.nodes.PPathFloatTest" time="0.002"/>
  <testcase name="testLineToFiresPropertyChangeEvent" classname="org.piccolo2d.nodes.PPathFloatTest" time="0"/>
  <testcase name="testSerialization" classname="org.piccolo2d.nodes.PPathFloatTest" time="0.002"/>
  <testcase name="testCreateEllipseFloat" classname="org.piccolo2d.nodes.PPathFloatTest" time="0"/>
  <testcase name="testClosePathFiresPropertyChangeEvent" classname="org.piccolo2d.nodes.PPathFloatTest" time="0"/>
  <testcase name="testClone" classname="org.piccolo2d.nodes.PPathFloatTest" time="0.001"/>
  <testcase name="testAppendPathIterator" classname="org.piccolo2d.nodes.PPathFloatTest" time="0"/>
  <testcase name="testCreatePolylineFloatArraysDifferentSingle" classname="org.piccolo2d.nodes.PPathFloatTest" time="0"/>
  <testcase name="testFullIntersects" classname="org.piccolo2d.nodes.PPathFloatTest" time="0"/>
  <testcase name="testCreatePolylineFloatArraysDifferentSizes" classname="org.piccolo2d.nodes.PPathFloatTest" time="0.004"/>
  <testcase name="testCreatePolylinePoint2DFloatArray" classname="org.piccolo2d.nodes.PPathFloatTest" time="0"/>
  <testcase name="testCreateArcDouble" classname="org.piccolo2d.nodes.PPathFloatTest" time="0.001"/>
  <testcase name="testCreateCubicCurveFloat" classname="org.piccolo2d.nodes.PPathFloatTest" time="0.001"/>
  <testcase name="testCreateLineDouble" classname="org.piccolo2d.nodes.PPathFloatTest" time="0.001"/>
  <testcase name="testClosePath" classname="org.piccolo2d.nodes.PPathFloatTest" time="0"/>
  <testcase name="testCreateRectangleDouble" classname="org.piccolo2d.nodes.PPathFloatTest" time="0.003"/>
  <testcase name="testCreateCubicCurveDouble" classname="org.piccolo2d.nodes.PPathFloatTest" time="0"/>
  <testcase name="testFullIntersectsNullStroke" classname="org.piccolo2d.nodes.PPathFloatTest" time="0"/>
  <testcase name="testMoveToFiresPropertyChangeEvent" classname="org.piccolo2d.nodes.PPathFloatTest" time="0"/>
  <testcase name="testQuadToFiresPropertyChangeEvent" classname="org.piccolo2d.nodes.PPathFloatTest" time="0.004"/>
  <testcase name="testCreateQuadCurveDouble" classname="org.piccolo2d.nodes.PPathFloatTest" time="0.001"/>
  <testcase name="testCurveToFiresPropertyChangeEvent" classname="org.piccolo2d.nodes.PPathFloatTest" time="0"/>
  <testcase name="testCreateQuadCurveFloat" classname="org.piccolo2d.nodes.PPathFloatTest" time="0.001"/>
  <testcase name="testCurveTo" classname="org.piccolo2d.nodes.PPathFloatTest" time="0"/>
  <testcase name="testCreateLineFloat" classname="org.piccolo2d.nodes.PPathFloatTest" time="0.001"/>
  <testcase name="testFullIntersectsNullPaint" classname="org.piccolo2d.nodes.PPathFloatTest" time="0"/>
  <testcase name="testCreatePolylinePoint2DFloatArrayEmpty" classname="org.piccolo2d.nodes.PPathFloatTest" time="0"/>
  <testcase name="testCreatePolylinePoint2DFloatArrayNull" classname="org.piccolo2d.nodes.PPathFloatTest" time="0"/>
  <testcase name="testCreateEllipseDouble" classname="org.piccolo2d.nodes.PPathFloatTest" time="0.001"/>
  <testcase name="testAppendShapeFiresPropertyChangeEvent" classname="org.piccolo2d.nodes.PPathFloatTest" time="0"/>
  <testcase name="testAppendPathIteratorFiresPropertyChangeEvent" classname="org.piccolo2d.nodes.PPathFloatTest" time="0.001"/>
  <testcase name="testAppendPathIteratorNullArgument" classname="org.piccolo2d.nodes.PPathFloatTest" time="0"/>
  <testcase name="testCreatePolylinePoint2DFloatArraySingle" classname="org.piccolo2d.nodes.PPathFloatTest" time="0"/>
  <testcase name="testLineTo" classname="org.piccolo2d.nodes.PPathFloatTest" time="0"/>
  <testcase name="testMoveTo" classname="org.piccolo2d.nodes.PPathFloatTest" time="0"/>
  <testcase name="testIntersectsNullStroke" classname="org.piccolo2d.nodes.PPathFloatTest" time="0"/>
  <testcase name="testCreateRoundRectangleDouble" classname="org.piccolo2d.nodes.PPathFloatTest" time="0.002"/>
  <testcase name="testFullIntersectsNullPaintNullStroke" classname="org.piccolo2d.nodes.PPathFloatTest" time="0"/>
  <testcase name="testQuadTo" classname="org.piccolo2d.nodes.PPathFloatTest" time="0.001"/>
  <testcase name="testAppendShape" classname="org.piccolo2d.nodes.PPathFloatTest" time="0"/>
  <testcase name="testIntersectsNullPaintNullStroke" classname="org.piccolo2d.nodes.PPathFloatTest" time="0"/>
  <testcase name="testAppendShapeNullArgument" classname="org.piccolo2d.nodes.PPathFloatTest" time="0.001"/>
  <testcase name="testCreatePolylineFloatArraysEmpty" classname="org.piccolo2d.nodes.PPathFloatTest" time="0"/>
  <testcase name="testIntersectsNullPaint" classname="org.piccolo2d.nodes.PPathFloatTest" time="0"/>
  <testcase name="testCreateRoundRectangleFloat" classname="org.piccolo2d.nodes.PPathFloatTest" time="0.001"/>
  <testcase name="testIntersects" classname="org.piccolo2d.nodes.PPathFloatTest" time="0"/>
  <testcase name="testDefaultStroke" classname="org.piccolo2d.nodes.PPathFloatTest" time="0"/>
  <testcase name="testStrokeBoundProperty" classname="org.piccolo2d.nodes.PPathFloatTest" time="0"/>
  <testcase name="testDefaultPaint" classname="org.piccolo2d.nodes.PPathFloatTest" time="0"/>
  <testcase name="testStrokePaintBoundProperty" classname="org.piccolo2d.nodes.PPathFloatTest" time="0"/>
  <testcase name="testCreateShapeNode" classname="org.piccolo2d.nodes.PPathFloatTest" time="0"/>
  <testcase name="testStrokePaint" classname="org.piccolo2d.nodes.PPathFloatTest" time="0"/>
  <testcase name="testDefaultStrokePaint" classname="org.piccolo2d.nodes.PPathFloatTest" time="0"/>
  <testcase name="testStroke" classname="org.piccolo2d.nodes.PPathFloatTest" time="0.012"/>
</testsuite>